<?xml version="1.0" encoding="UTF-8"?>
<!-- Generated by org.testng.reporters.JUnitReportReporter -->
<testsuite skipped="0" hostname="WaseemS-LT" name="com.waseem.tasks.SampleTest" tests="1" failures="0" timestamp="26 Nov 2017 18:29:27 GMT" time="0.015" errors="0">
  <testcase name="testMethod" time="0.015" classname="com.waseem.tasks.SampleTest"/>
</testsuite> <!-- com.waseem.tasks.SampleTest -->
